<?xml version="1.0" encoding="UTF-8"?>
<!-- Generated by org.testng.reporters.JUnitReportReporter -->
<testsuite hostname="VAIO" name="Test.TESTActitimeLoginPage" tests="1" failures="0" timestamp="14 Feb 2021 23:25:36 GMT" time="11.198" errors="0">
  <testcase name="login" time="11.198" classname="Test.TESTActitimeLoginPage"/>
</testsuite> <!-- Test.TESTActitimeLoginPage -->
