<?xml version="1.0" encoding="UTF-8"?>
<!-- Generated by org.testng.reporters.JUnitReportReporter -->
<testsuite hostname="VAIO" name="Test.TESTActitimeCustomerPage" tests="1" failures="0" timestamp="14 Feb 2021 23:25:36 GMT" time="45.197" errors="0">
  <testcase name="customer" time="45.197" classname="Test.TESTActitimeCustomerPage"/>
</testsuite> <!-- Test.TESTActitimeCustomerPage -->
